<?xml version="1.0" encoding="UTF-8"?>
<!-- Generated by org.testng.reporters.JUnitReportReporter -->
<testsuite hostname="DESKTOP-4F545DN" failures="0" tests="1" name="com.urbanladder.testCases.BookshelvesTest" time="18.804" errors="0" timestamp="2022-11-21T23:16:59 IST" skipped="0">
  <testcase classname="com.urbanladder.testCases.BookshelvesTest" name="TC01_GetBookShelvesBelow15999" time="18.804"/>
  <system-out/>
</testsuite> <!-- com.urbanladder.testCases.BookshelvesTest -->
